Build started 4/28/2015 12:34:17 PM.
     1>Project "C:\Users\alessio\Documents\Visual Studio 2013\Projects\EEGRealTimeFeedbackMultiThread\EEGRealTimeFeedback\EEGRealTimeFeedback.vcxproj" on node 2 (Build target(s)).
     1>ClCompile:
         C:\Program Files (x86)\Microsoft Visual Studio 12.0\VC\bin\CL.exe /c /IC:\Users\alessio\Documents\boost_1_57_0 /Zi /nologo /W3 /WX- /sdl /O2 /Oi /Oy- /GL /D WIN32 /D NDEBUG /D _CONSOLE /D _LIB /D _UNICODE /D UNICODE /Gm- /EHsc /MD /GS /Gy /fp:precise /Zc:wchar_t /Zc:forScope /Yu"stdafx.h" /Fp"Release\EEGRealTimeFeedback.pch" /Fo"Release\\" /Fd"Release\vc120.pdb" /Gd /TP /analyze- /errorReport:prompt ControllerThread.cpp EEGHandler.cpp EEGRealTimeFeedback.cpp ProcessingThread.cpp
         ControllerThread.cpp
         EEGHandler.cpp
         EEGRealTimeFeedback.cpp
         ProcessingThread.cpp
     1>ProcessingThread.cpp(227): warning C4244: '=' : conversion from 'double' to 'int', possible loss of data
       Link:
         C:\Program Files (x86)\Microsoft Visual Studio 12.0\VC\bin\link.exe /ERRORREPORT:PROMPT /OUT:"C:\Users\alessio\Documents\Visual Studio 2013\Projects\EEGRealTimeFeedbackMultiThread\Release\EEGRealTimeFeedback.exe" /INCREMENTAL:NO /NOLOGO /LIBPATH:C:\Users\alessio\Documents\boost_1_57_0\stage\lib kernel32.lib user32.lib gdi32.lib winspool.lib comdlg32.lib advapi32.lib shell32.lib ole32.lib oleaut32.lib uuid.lib odbc32.lib odbccp32.lib /MANIFEST /MANIFESTUAC:"level='asInvoker' uiAccess='false'" /manifest:embed /DEBUG /PDB:"C:\Users\alessio\Documents\Visual Studio 2013\Projects\EEGRealTimeFeedbackMultiThread\Release\EEGRealTimeFeedback.pdb" /SUBSYSTEM:CONSOLE /OPT:REF /OPT:ICF /LTCG /TLBID:1 /DYNAMICBASE /NXCOMPAT /IMPLIB:"C:\Users\alessio\Documents\Visual Studio 2013\Projects\EEGRealTimeFeedbackMultiThread\Release\EEGRealTimeFeedback.lib" /MACHINE:X86 /SAFESEH Release\ControllerTest.obj
         Release\ControllerThread.obj
         Release\EEGHandler.obj
         Release\EEGRealTimeFeedback.obj
         Release\MicroEEGConnector.obj
         Release\ProcessingThread.obj
         Release\stdafx.obj
         Release\StreamingThread.obj
         Release\UDPClient.obj
         Release\USBController.obj
         Generating code
         Finished generating code
         EEGRealTimeFeedback.vcxproj -> C:\Users\alessio\Documents\Visual Studio 2013\Projects\EEGRealTimeFeedbackMultiThread\Release\EEGRealTimeFeedback.exe
     1>Done Building Project "C:\Users\alessio\Documents\Visual Studio 2013\Projects\EEGRealTimeFeedbackMultiThread\EEGRealTimeFeedback\EEGRealTimeFeedback.vcxproj" (Build target(s)).

Build succeeded.

Time Elapsed 00:00:22.15
